[21:21:10] [ServerMain/INFO]: Environment: Environment[sessionHost=https://sessionserver.mojang.com, servicesHost=https://api.minecraftservices.com, name=PROD]
[21:21:11] [ServerMain/INFO]: Found new data pack file/bukkit, loading it automatically
[21:21:12] [ServerMain/INFO]: No existing world data, creating new world
[21:21:13] [ServerMain/INFO]: Loaded 1174 recipes
[21:21:13] [ServerMain/INFO]: Loaded 1271 advancements
[21:21:13] [Server thread/INFO]: Starting minecraft server version 1.20.4
[21:21:13] [Server thread/INFO]: Loading properties
[21:21:13] [Server thread/INFO]: This server is running Paper version git-Paper-497 (MC: 1.20.4) (Implementing API version 1.20.4-R0.1-SNAPSHOT) (Git: d8d54d9 on ver/1.20.4)
[21:21:14] [Server thread/INFO]: Server Ping Player Sample Count: 12
[21:21:14] [Server thread/INFO]: Using 4 threads for Netty based IO
[21:21:15] [Server thread/INFO]: [ChunkTaskScheduler] Chunk system is using 1 I/O threads, 1 worker threads, and gen parallelism of 1 threads
[21:21:15] [Server thread/WARN]: [!] The timings profiler has been enabled but has been scheduled for removal from Paper in the future.
    We recommend installing the spark profiler as a replacement: https://spark.lucko.me/
    For more information please visit: https://github.com/PaperMC/Paper/issues/8948
[21:21:15] [Server thread/INFO]: Default game type: SURVIVAL
[21:21:15] [Server thread/INFO]: Generating keypair
[21:21:15] [Server thread/INFO]: Starting Minecraft server on *:25565
[21:21:15] [Server thread/INFO]: Using epoll channel type
[21:21:15] [Server thread/INFO]: Paper: Using libdeflate (Linux x86_64) compression from Velocity.
[21:21:15] [Server thread/INFO]: Paper: Using OpenSSL 1.1.x (Linux x86_64) cipher from Velocity.
[21:21:15] [Server thread/WARN]: **** SERVER IS RUNNING IN OFFLINE/INSECURE MODE!
[21:21:15] [Server thread/WARN]: The server will make no attempt to authenticate usernames. Beware.
[21:21:15] [Server thread/WARN]: While this makes the game possible to play without internet access, it also opens up the ability for hackers to connect with any username they choose.
[21:21:15] [Server thread/WARN]: To change this, set "online-mode" to "true" in the server.properties file.
[21:21:15] [Server thread/INFO]: Preparing level "world"
[21:21:25] [Server thread/INFO]: Preparing start region for dimension minecraft:overworld
[21:21:25] [Server thread/INFO]: Time elapsed: 172 ms
[21:21:25] [Server thread/INFO]: Preparing start region for dimension minecraft:the_nether
[21:21:25] [Server thread/INFO]: Time elapsed: 69 ms
[21:21:25] [Server thread/INFO]: Preparing start region for dimension minecraft:the_end
[21:21:25] [Server thread/INFO]: Time elapsed: 60 ms
[21:21:25] [Server thread/INFO]: Running delayed init tasks
[21:21:25] [Server thread/INFO]: Done (11.910s)! For help, type "help"
[21:21:25] [Server thread/INFO]: *************************************************************************************
[21:21:25] [Server thread/INFO]: This is the first time you're starting this server.
[21:21:25] [Server thread/INFO]: It's recommended you read our 'Getting Started' documentation for guidance.
[21:21:25] [Server thread/INFO]: View this and more helpful information here: https://docs.papermc.io/paper/next-steps
[21:21:25] [Server thread/INFO]: *************************************************************************************
[21:21:25] [Server thread/INFO]: Timings Reset
[21:21:25] [Server thread/INFO]: Unknown command. Type "/help" for help.
